# JRE version: Java(TM) SE Runtime Environment 18.9 (11.0.13+10) (build 11.0.13+10-LTS-370)
# Java VM: Java HotSpot(TM) 64-Bit Server VM 18.9 (11.0.13+10-LTS-370, mixed mode, tiered, compressed oops, g1 gc, windows-amd64)
Heap:
 garbage-first heap   total 189440K, used 136395K [0x0000000081800000, 0x0000000100000000)
  region size 1024K, 95 young (97280K), 8 survivors (8192K)
 Metaspace       used 125107K, capacity 131309K, committed 131668K, reserved 1161216K
  class space    used 15683K, capacity 19819K, committed 19952K, reserved 1048576K
GC Heap History (10 events):
Event: 10.755 GC heap before
{Heap before GC invocations=14 (full 0):
 garbage-first heap   total 157696K, used 105852K [0x0000000081800000, 0x0000000100000000)
  region size 1024K, 78 young (79872K), 7 survivors (7168K)
 Metaspace       used 80600K, capacity 82466K, committed 82692K, reserved 1122304K
  class space    used 9792K, capacity 10762K, committed 10860K, reserved 1048576K
}
Event: 10.770 GC heap after
{Heap after GC invocations=15 (full 0):
 garbage-first heap   total 157696K, used 37109K [0x0000000081800000, 0x0000000100000000)
  region size 1024K, 8 young (8192K), 8 survivors (8192K)
 Metaspace       used 80600K, capacity 82466K, committed 82692K, reserved 1122304K
  class space    used 9792K, capacity 10762K, committed 10860K, reserved 1048576K
}
Event: 12.129 GC heap before
{Heap before GC invocations=15 (full 0):
 garbage-first heap   total 157696K, used 110837K [0x0000000081800000, 0x0000000100000000)
  region size 1024K, 80 young (81920K), 8 survivors (8192K)
 Metaspace       used 88677K, capacity 90764K, committed 91012K, reserved 1128448K
  class space    used 10678K, capacity 11721K, committed 11756K, reserved 1048576K
}
Event: 12.144 GC heap after
{Heap after GC invocations=16 (full 0):
 garbage-first heap   total 157696K, used 40586K [0x0000000081800000, 0x0000000100000000)
  region size 1024K, 8 young (8192K), 8 survivors (8192K)
 Metaspace       used 88677K, capacity 90764K, committed 91012K, reserved 1128448K
  class space    used 10678K, capacity 11721K, committed 11756K, reserved 1048576K
}
Event: 13.343 GC heap before
{Heap before GC invocations=16 (full 0):
 garbage-first heap   total 157696K, used 114314K [0x0000000081800000, 0x0000000100000000)
  region size 1024K, 80 young (81920K), 8 survivors (8192K)
 Metaspace       used 92289K, capacity 94843K, committed 94980K, reserved 1132544K
  class space    used 10999K, capacity 12264K, committed 12396K, reserved 1048576K
}
Event: 13.358 GC heap after
{Heap after GC invocations=17 (full 0):
 garbage-first heap   total 157696K, used 43353K [0x0000000081800000, 0x0000000100000000)
  region size 1024K, 6 young (6144K), 6 survivors (6144K)
 Metaspace       used 92289K, capacity 94843K, committed 94980K, reserved 1132544K
  class space    used 10999K, capacity 12264K, committed 12396K, reserved 1048576K
}
Event: 15.100 GC heap before
{Heap before GC invocations=17 (full 0):
 garbage-first heap   total 157696K, used 117081K [0x0000000081800000, 0x0000000100000000)
  region size 1024K, 79 young (80896K), 6 survivors (6144K)
 Metaspace       used 102554K, capacity 106282K, committed 106500K, reserved 1140736K
  class space    used 12343K, capacity 14563K, committed 14700K, reserved 1048576K
}
Event: 15.113 GC heap after
{Heap after GC invocations=18 (full 0):
 garbage-first heap   total 189440K, used 46584K [0x0000000081800000, 0x0000000100000000)
  region size 1024K, 6 young (6144K), 6 survivors (6144K)
 Metaspace       used 102554K, capacity 106282K, committed 106500K, reserved 1140736K
  class space    used 12343K, capacity 14563K, committed 14700K, reserved 1048576K
}
Event: 16.680 GC heap before
{Heap before GC invocations=18 (full 0):
 garbage-first heap   total 189440K, used 120312K [0x0000000081800000, 0x0000000100000000)
  region size 1024K, 79 young (80896K), 6 survivors (6144K)
 Metaspace       used 114327K, capacity 118329K, committed 118408K, reserved 1150976K
  class space    used 13986K, capacity 16368K, committed 16368K, reserved 1048576K
}
Event: 16.690 GC heap after
{Heap after GC invocations=19 (full 0):
 garbage-first heap   total 189440K, used 48331K [0x0000000081800000, 0x0000000100000000)
  region size 1024K, 8 young (8192K), 8 survivors (8192K)
 Metaspace       used 114327K, capacity 118329K, committed 118408K, reserved 1150976K
  class space    used 13986K, capacity 16368K, committed 16368K, reserved 1048576K
}

