# JRE version: Java(TM) SE Runtime Environment 18.9 (11.0.13+10) (build 11.0.13+10-LTS-370)
# Java VM: Java HotSpot(TM) 64-Bit Server VM 18.9 (11.0.13+10-LTS-370, mixed mode, tiered, compressed oops, g1 gc, windows-amd64)
Heap:
 garbage-first heap   total 157696K, used 66900K [0x0000000081800000, 0x0000000100000000)
  region size 1024K, 19 young (19456K), 8 survivors (8192K)
 Metaspace       used 137568K, capacity 145343K, committed 145532K, reserved 1171456K
  class space    used 17809K, capacity 22682K, committed 22784K, reserved 1048576K
GC Heap History (10 events):
Event: 15.110 GC heap before
{Heap before GC invocations=16 (full 0):
 garbage-first heap   total 157696K, used 124141K [0x0000000081800000, 0x0000000100000000)
  region size 1024K, 89 young (91136K), 7 survivors (7168K)
 Metaspace       used 96729K, capacity 100206K, committed 100400K, reserved 1136640K
  class space    used 11509K, capacity 13587K, committed 13696K, reserved 1048576K
}
Event: 15.122 GC heap after
{Heap after GC invocations=17 (full 0):
 garbage-first heap   total 157696K, used 46236K [0x0000000081800000, 0x0000000100000000)
  region size 1024K, 12 young (12288K), 12 survivors (12288K)
 Metaspace       used 96729K, capacity 100206K, committed 100400K, reserved 1136640K
  class space    used 11509K, capacity 13587K, committed 13696K, reserved 1048576K
}
Event: 16.699 GC heap before
{Heap before GC invocations=17 (full 0):
 garbage-first heap   total 157696K, used 126108K [0x0000000081800000, 0x0000000100000000)
  region size 1024K, 90 young (92160K), 12 survivors (12288K)
 Metaspace       used 110961K, capacity 114887K, committed 115120K, reserved 1148928K
  class space    used 13482K, capacity 15772K, committed 15872K, reserved 1048576K
}
Event: 16.712 GC heap after
{Heap after GC invocations=18 (full 0):
 garbage-first heap   total 157696K, used 46835K [0x0000000081800000, 0x0000000100000000)
  region size 1024K, 7 young (7168K), 7 survivors (7168K)
 Metaspace       used 110961K, capacity 114887K, committed 115120K, reserved 1148928K
  class space    used 13482K, capacity 15772K, committed 15872K, reserved 1048576K
}
Event: 17.790 GC heap before
{Heap before GC invocations=18 (full 0):
 garbage-first heap   total 157696K, used 101107K [0x0000000081800000, 0x0000000100000000)
  region size 1024K, 61 young (62464K), 7 survivors (7168K)
 Metaspace       used 119411K, capacity 123856K, committed 124028K, reserved 1157120K
  class space    used 14799K, capacity 17382K, committed 17408K, reserved 1048576K
}
Event: 17.806 GC heap after
{Heap after GC invocations=19 (full 0):
 garbage-first heap   total 157696K, used 49575K [0x0000000081800000, 0x0000000100000000)
  region size 1024K, 5 young (5120K), 5 survivors (5120K)
 Metaspace       used 119411K, capacity 123856K, committed 124028K, reserved 1157120K
  class space    used 14799K, capacity 17382K, committed 17408K, reserved 1048576K
}
Event: 20.770 GC heap before
{Heap before GC invocations=20 (full 0):
 garbage-first heap   total 157696K, used 118183K [0x0000000081800000, 0x0000000100000000)
  region size 1024K, 72 young (73728K), 5 survivors (5120K)
 Metaspace       used 126025K, capacity 132291K, committed 132476K, reserved 1161216K
  class space    used 15784K, capacity 19919K, committed 19968K, reserved 1048576K
}
Event: 20.784 GC heap after
{Heap after GC invocations=21 (full 0):
 garbage-first heap   total 157696K, used 52993K [0x0000000081800000, 0x0000000100000000)
  region size 1024K, 9 young (9216K), 9 survivors (9216K)
 Metaspace       used 126025K, capacity 132291K, committed 132476K, reserved 1161216K
  class space    used 15784K, capacity 19919K, committed 19968K, reserved 1048576K
}
Event: 22.533 GC heap before
{Heap before GC invocations=21 (full 0):
 garbage-first heap   total 157696K, used 129793K [0x0000000081800000, 0x0000000100000000)
  region size 1024K, 75 young (76800K), 9 survivors (9216K)
 Metaspace       used 136332K, capacity 143881K, committed 144124K, reserved 1171456K
  class space    used 17589K, capacity 22367K, committed 22400K, reserved 1048576K
}
Event: 22.549 GC heap after
{Heap after GC invocations=22 (full 0):
 garbage-first heap   total 157696K, used 56660K [0x0000000081800000, 0x0000000100000000)
  region size 1024K, 8 young (8192K), 8 survivors (8192K)
 Metaspace       used 136332K, capacity 143881K, committed 144124K, reserved 1171456K
  class space    used 17589K, capacity 22367K, committed 22400K, reserved 1048576K
}

