# JRE version: Java(TM) SE Runtime Environment 18.9 (11.0.13+10) (build 11.0.13+10-LTS-370)
# Java VM: Java HotSpot(TM) 64-Bit Server VM 18.9 (11.0.13+10-LTS-370, mixed mode, tiered, compressed oops, g1 gc, windows-amd64)
Heap:
 garbage-first heap   total 157696K, used 83662K [0x0000000081800000, 0x0000000100000000)
  region size 1024K, 40 young (40960K), 5 survivors (5120K)
 Metaspace       used 122399K, capacity 128068K, committed 128308K, reserved 1159168K
  class space    used 15288K, capacity 18911K, committed 18924K, reserved 1048576K
GC Heap History (10 events):
Event: 11.512 GC heap before
{Heap before GC invocations=14 (full 0):
 garbage-first heap   total 157696K, used 117016K [0x0000000081800000, 0x0000000100000000)
  region size 1024K, 89 young (91136K), 8 survivors (8192K)
 Metaspace       used 85727K, capacity 87807K, committed 87940K, reserved 1126400K
  class space    used 10411K, capacity 11462K, committed 11500K, reserved 1048576K
}
Event: 11.529 GC heap after
{Heap after GC invocations=15 (full 0):
 garbage-first heap   total 157696K, used 40229K [0x0000000081800000, 0x0000000100000000)
  region size 1024K, 10 young (10240K), 10 survivors (10240K)
 Metaspace       used 85727K, capacity 87807K, committed 87940K, reserved 1126400K
  class space    used 10411K, capacity 11462K, committed 11500K, reserved 1048576K
}
Event: 12.383 GC heap before
{Heap before GC invocations=15 (full 0):
 garbage-first heap   total 157696K, used 122149K [0x0000000081800000, 0x0000000100000000)
  region size 1024K, 90 young (92160K), 10 survivors (10240K)
 Metaspace       used 89009K, capacity 91116K, committed 91396K, reserved 1128448K
  class space    used 10685K, capacity 11753K, committed 11884K, reserved 1048576K
}
Event: 12.396 GC heap after
{Heap after GC invocations=16 (full 0):
 garbage-first heap   total 157696K, used 40798K [0x0000000081800000, 0x0000000100000000)
  region size 1024K, 6 young (6144K), 6 survivors (6144K)
 Metaspace       used 89009K, capacity 91116K, committed 91396K, reserved 1128448K
  class space    used 10685K, capacity 11753K, committed 11884K, reserved 1048576K
}
Event: 14.502 GC heap before
{Heap before GC invocations=16 (full 0):
 garbage-first heap   total 157696K, used 124766K [0x0000000081800000, 0x0000000100000000)
  region size 1024K, 88 young (90112K), 6 survivors (6144K)
 Metaspace       used 97093K, capacity 100539K, committed 100612K, reserved 1136640K
  class space    used 11573K, capacity 13637K, committed 13676K, reserved 1048576K
}
Event: 14.514 GC heap after
{Heap after GC invocations=17 (full 0):
 garbage-first heap   total 157696K, used 45724K [0x0000000081800000, 0x0000000100000000)
  region size 1024K, 11 young (11264K), 11 survivors (11264K)
 Metaspace       used 97093K, capacity 100539K, committed 100612K, reserved 1136640K
  class space    used 11573K, capacity 13637K, committed 13676K, reserved 1048576K
}
Event: 16.015 GC heap before
{Heap before GC invocations=17 (full 0):
 garbage-first heap   total 157696K, used 125596K [0x0000000081800000, 0x0000000100000000)
  region size 1024K, 90 young (92160K), 11 survivors (11264K)
 Metaspace       used 111660K, capacity 115621K, committed 115716K, reserved 1148928K
  class space    used 13599K, capacity 15946K, committed 15980K, reserved 1048576K
}
Event: 16.030 GC heap after
{Heap after GC invocations=18 (full 0):
 garbage-first heap   total 157696K, used 47033K [0x0000000081800000, 0x0000000100000000)
  region size 1024K, 8 young (8192K), 8 survivors (8192K)
 Metaspace       used 111660K, capacity 115621K, committed 115716K, reserved 1148928K
  class space    used 13599K, capacity 15946K, committed 15980K, reserved 1048576K
}
Event: 17.185 GC heap before
{Heap before GC invocations=18 (full 0):
 garbage-first heap   total 157696K, used 101305K [0x0000000081800000, 0x0000000100000000)
  region size 1024K, 62 young (63488K), 8 survivors (8192K)
 Metaspace       used 120014K, capacity 124404K, committed 124596K, reserved 1157120K
  class space    used 14852K, capacity 17434K, committed 17516K, reserved 1048576K
}
Event: 17.200 GC heap after
{Heap after GC invocations=19 (full 0):
 garbage-first heap   total 157696K, used 48846K [0x0000000081800000, 0x0000000100000000)
  region size 1024K, 5 young (5120K), 5 survivors (5120K)
 Metaspace       used 120014K, capacity 124404K, committed 124596K, reserved 1157120K
  class space    used 14852K, capacity 17434K, committed 17516K, reserved 1048576K
}

