# JRE version: Java(TM) SE Runtime Environment 18.9 (11.0.13+10) (build 11.0.13+10-LTS-370)
# Java VM: Java HotSpot(TM) 64-Bit Server VM 18.9 (11.0.13+10-LTS-370, mixed mode, tiered, compressed oops, g1 gc, windows-amd64)
Heap:
 garbage-first heap   total 189440K, used 107658K [0x0000000081800000, 0x0000000100000000)
  region size 1024K, 69 young (70656K), 11 survivors (11264K)
 Metaspace       used 125703K, capacity 132468K, committed 132688K, reserved 1161216K
  class space    used 16026K, capacity 20406K, committed 20480K, reserved 1048576K
GC Heap History (10 events):
Event: 9.663 GC heap before
{Heap before GC invocations=13 (full 0):
 garbage-first heap   total 157696K, used 108189K [0x0000000081800000, 0x0000000100000000)
  region size 1024K, 84 young (86016K), 8 survivors (8192K)
 Metaspace       used 71878K, capacity 73753K, committed 73808K, reserved 1114112K
  class space    used 8746K, capacity 9689K, committed 9728K, reserved 1048576K
}
Event: 9.683 GC heap after
{Heap after GC invocations=14 (full 0):
 garbage-first heap   total 157696K, used 35185K [0x0000000081800000, 0x0000000100000000)
  region size 1024K, 9 young (9216K), 9 survivors (9216K)
 Metaspace       used 71878K, capacity 73753K, committed 73808K, reserved 1114112K
  class space    used 8746K, capacity 9689K, committed 9728K, reserved 1048576K
}
Event: 11.604 GC heap before
{Heap before GC invocations=15 (full 0):
 garbage-first heap   total 157696K, used 117105K [0x0000000081800000, 0x0000000100000000)
  region size 1024K, 89 young (91136K), 9 survivors (9216K)
 Metaspace       used 82821K, capacity 84853K, committed 85072K, reserved 1124352K
  class space    used 9990K, capacity 10967K, committed 11008K, reserved 1048576K
}
Event: 11.620 GC heap after
{Heap after GC invocations=16 (full 0):
 garbage-first heap   total 157696K, used 38712K [0x0000000081800000, 0x0000000100000000)
  region size 1024K, 10 young (10240K), 10 survivors (10240K)
 Metaspace       used 82821K, capacity 84853K, committed 85072K, reserved 1124352K
  class space    used 9990K, capacity 10967K, committed 11008K, reserved 1048576K
}
Event: 13.144 GC heap before
{Heap before GC invocations=16 (full 0):
 garbage-first heap   total 157696K, used 119608K [0x0000000081800000, 0x0000000100000000)
  region size 1024K, 89 young (91136K), 10 survivors (10240K)
 Metaspace       used 86929K, capacity 89445K, committed 89552K, reserved 1128448K
  class space    used 10349K, capacity 11615K, committed 11648K, reserved 1048576K
}
Event: 13.162 GC heap after
{Heap after GC invocations=17 (full 0):
 garbage-first heap   total 189440K, used 41958K [0x0000000081800000, 0x0000000100000000)
  region size 1024K, 7 young (7168K), 7 survivors (7168K)
 Metaspace       used 86929K, capacity 89445K, committed 89552K, reserved 1128448K
  class space    used 10349K, capacity 11615K, committed 11648K, reserved 1048576K
}
Event: 15.527 GC heap before
{Heap before GC invocations=17 (full 0):
 garbage-first heap   total 189440K, used 139238K [0x0000000081800000, 0x0000000100000000)
  region size 1024K, 103 young (105472K), 7 survivors (7168K)
 Metaspace       used 103593K, capacity 107408K, committed 107600K, reserved 1142784K
  class space    used 12583K, capacity 14829K, committed 14848K, reserved 1048576K
}
Event: 15.539 GC heap after
{Heap after GC invocations=18 (full 0):
 garbage-first heap   total 189440K, used 44358K [0x0000000081800000, 0x0000000100000000)
  region size 1024K, 10 young (10240K), 10 survivors (10240K)
 Metaspace       used 103593K, capacity 107408K, committed 107600K, reserved 1142784K
  class space    used 12583K, capacity 14829K, committed 14848K, reserved 1048576K
}
Event: 18.508 GC heap before
{Heap before GC invocations=18 (full 0):
 garbage-first heap   total 189440K, used 146758K [0x0000000081800000, 0x0000000100000000)
  region size 1024K, 111 young (113664K), 10 survivors (10240K)
 Metaspace       used 117710K, capacity 123190K, committed 123344K, reserved 1155072K
  class space    used 14655K, capacity 18201K, committed 18304K, reserved 1048576K
}
Event: 18.526 GC heap after
{Heap after GC invocations=19 (full 0):
 garbage-first heap   total 189440K, used 49290K [0x0000000081800000, 0x0000000100000000)
  region size 1024K, 11 young (11264K), 11 survivors (11264K)
 Metaspace       used 117710K, capacity 123190K, committed 123344K, reserved 1155072K
  class space    used 14655K, capacity 18201K, committed 18304K, reserved 1048576K
}

